0 verbose cli /opt/homebrew/Cellar/node/19.6.0/bin/node /opt/homebrew/bin/npm
1 info using npm@9.4.1
2 info using node@v19.6.0
3 timing npm:load:whichnode Completed in 1ms
4 timing config:load:defaults Completed in 0ms
5 timing config:load:file:/opt/homebrew/lib/node_modules/npm/npmrc Completed in 1ms
6 timing config:load:builtin Completed in 2ms
7 timing config:load:cli Completed in 1ms
8 timing config:load:env Completed in 0ms
9 timing config:load:file:/Users/kermitfrog19/Library/Caches/typescript/4.9/.npmrc Completed in 0ms
10 timing config:load:project Completed in 2ms
11 timing config:load:file:/Users/kermitfrog19/.npmrc Completed in 0ms
12 timing config:load:user Completed in 1ms
13 timing config:load:file:/opt/homebrew/etc/npmrc Completed in 0ms
14 timing config:load:global Completed in 0ms
15 timing config:load:setEnvs Completed in 0ms
16 timing config:load Completed in 6ms
17 timing npm:load:configload Completed in 6ms
18 timing npm:load:mkdirpcache Completed in 0ms
19 timing npm:load:mkdirplogs Completed in 0ms
20 verbose title npm install @types/js-cookie@ts4.9
21 verbose argv "install" "--ignore-scripts" "@types/js-cookie@ts4.9" "--save-dev" "--user-agent" "typesInstaller/4.9.5"
22 timing npm:load:setTitle Completed in 2ms
23 timing config:load:flatten Completed in 1ms
24 timing npm:load:display Completed in 2ms
25 verbose logfile logs-max:10 dir:/Users/kermitfrog19/.npm/_logs/2023-03-08T18_14_16_872Z-
26 verbose logfile /Users/kermitfrog19/.npm/_logs/2023-03-08T18_14_16_872Z-debug-0.log
27 timing npm:load:logFile Completed in 2ms
28 timing npm:load:timers Completed in 0ms
29 timing npm:load:configScope Completed in 0ms
30 timing npm:load Completed in 13ms
31 timing arborist:ctor Completed in 1ms
32 silly logfile start cleaning logs, removing 1 files
33 silly logfile done cleaning log files
34 timing idealTree:init Completed in 17ms
35 timing arborist:ctor Completed in 0ms
36 http fetch GET 200 https://registry.npmjs.org/@types%2fjs-cookie 487ms (cache miss)
37 timing idealTree:userRequests Completed in 491ms
38 silly idealTree buildDeps
39 silly fetch manifest @types/js-cookie@3.0.3
40 silly placeDep ROOT @types/js-cookie@3.0.3 OK for:  want: 3.0.3
41 timing idealTree:#root Completed in 4ms
42 timing idealTree:node_modules/@types/js-cookie Completed in 0ms
43 timing idealTree:buildDeps Completed in 6ms
44 timing idealTree:fixDepFlags Completed in 0ms
45 timing idealTree Completed in 516ms
46 timing reify:loadTrees Completed in 516ms
47 timing reify:diffTrees Completed in 2ms
48 silly reify moves {}
49 timing reify:retireShallow Completed in 1ms
50 timing reify:createSparse Completed in 0ms
51 timing reify:loadBundles Completed in 0ms
52 silly audit bulk request {
52 silly audit   '@popperjs/core': [ '2.11.6' ],
52 silly audit   '@types/bootstrap': [ '5.2.6' ],
52 silly audit   '@types/browser-sync': [ '2.26.3' ],
52 silly audit   '@types/history': [ '4.7.11' ],
52 silly audit   '@types/micromatch': [ '2.3.31' ],
52 silly audit   '@types/mime': [ '3.0.1' ],
52 silly audit   '@types/node': [ '18.13.0' ],
52 silly audit   '@types/parse-glob': [ '3.0.29' ],
52 silly audit   '@types/prettier': [ '2.7.2' ],
52 silly audit   '@types/prop-types': [ '15.7.5' ],
52 silly audit   '@types/react': [ '18.0.27' ],
52 silly audit   '@types/react-dom': [ '18.0.10' ],
52 silly audit   '@types/react-router': [ '5.1.20' ],
52 silly audit   '@types/react-router-dom': [ '5.3.3' ],
52 silly audit   '@types/scheduler': [ '0.16.2' ],
52 silly audit   '@types/serve-static': [ '1.15.0' ],
52 silly audit   anymatch: [ '3.1.3' ],
52 silly audit   'binary-extensions': [ '2.2.0' ],
52 silly audit   braces: [ '3.0.2' ],
52 silly audit   chokidar: [ '3.5.3' ],
52 silly audit   csstype: [ '3.1.1' ],
52 silly audit   'fill-range': [ '7.0.1' ],
52 silly audit   fsevents: [ '2.3.2' ],
52 silly audit   'glob-parent': [ '5.1.2' ],
52 silly audit   'is-binary-path': [ '2.1.0' ],
52 silly audit   'is-extglob': [ '2.1.1' ],
52 silly audit   'is-glob': [ '4.0.3' ],
52 silly audit   'is-number': [ '7.0.0' ],
52 silly audit   'normalize-path': [ '3.0.0' ],
52 silly audit   picomatch: [ '2.3.1' ],
52 silly audit   readdirp: [ '3.6.0' ],
52 silly audit   'to-regex-range': [ '5.0.1' ],
52 silly audit   'types-registry': [ '0.1.634' ],
52 silly audit   '@types/js-cookie': [ '3.0.3' ]
52 silly audit }
53 silly tarball no local data for @types/js-cookie@https://registry.npmjs.org/@types/js-cookie/-/js-cookie-3.0.3.tgz. Extracting by manifest.
54 http fetch POST 200 https://registry.npmjs.org/-/npm/v1/security/advisories/bulk 452ms
55 timing auditReport:getReport Completed in 455ms
56 silly audit report {}
57 timing auditReport:init Completed in 0ms
58 timing reify:audit Completed in 456ms
59 http fetch GET 200 https://registry.npmjs.org/@types/js-cookie/-/js-cookie-3.0.3.tgz 760ms (cache miss)
60 timing reifyNode:node_modules/@types/js-cookie Completed in 765ms
61 timing reify:unpack Completed in 765ms
62 timing reify:unretire Completed in 0ms
63 timing build:queue Completed in 1ms
64 timing build:deps Completed in 1ms
65 timing build Completed in 1ms
66 timing reify:build Completed in 1ms
67 timing reify:trash Completed in 0ms
68 timing reify:save Completed in 13ms
69 timing reify Completed in 1312ms
70 silly ADD node_modules/@types/js-cookie
71 timing command:install Completed in 1316ms
72 verbose exit 0
73 timing npm Completed in 1334ms
74 info ok
