0 verbose cli /opt/homebrew/Cellar/node/19.6.0/bin/node /opt/homebrew/bin/npm
1 info using npm@9.4.1
2 info using node@v19.6.0
3 timing npm:load:whichnode Completed in 0ms
4 timing config:load:defaults Completed in 1ms
5 timing config:load:file:/opt/homebrew/lib/node_modules/npm/npmrc Completed in 3ms
6 timing config:load:builtin Completed in 3ms
7 timing config:load:cli Completed in 1ms
8 timing config:load:env Completed in 0ms
9 timing config:load:file:/Users/kermitfrog19/dev/websites/kletterer_website/kletterer/.npmrc Completed in 0ms
10 timing config:load:project Completed in 0ms
11 timing config:load:file:/Users/kermitfrog19/.npmrc Completed in 0ms
12 timing config:load:user Completed in 0ms
13 timing config:load:file:/opt/homebrew/etc/npmrc Completed in 0ms
14 timing config:load:global Completed in 0ms
15 timing config:load:setEnvs Completed in 1ms
16 timing config:load Completed in 6ms
17 timing npm:load:configload Completed in 6ms
18 timing npm:load:mkdirpcache Completed in 0ms
19 timing npm:load:mkdirplogs Completed in 0ms
20 verbose title npm show @heroku-cli/plugin-heroku-fork dist-tags
21 verbose argv "show" "@heroku-cli/plugin-heroku-fork" "dist-tags"
22 timing npm:load:setTitle Completed in 2ms
23 timing config:load:flatten Completed in 1ms
24 timing npm:load:display Completed in 2ms
25 verbose logfile logs-max:10 dir:/Users/kermitfrog19/.npm/_logs/2023-03-16T09_45_37_451Z-
26 verbose logfile /Users/kermitfrog19/.npm/_logs/2023-03-16T09_45_37_451Z-debug-0.log
27 timing npm:load:logFile Completed in 2ms
28 timing npm:load:timers Completed in 0ms
29 timing npm:load:configScope Completed in 0ms
30 timing npm:load Completed in 13ms
31 silly logfile start cleaning logs, removing 1 files
32 silly logfile done cleaning log files
33 http fetch GET 404 https://registry.npmjs.org/@heroku-cli%2fplugin-heroku-fork 280ms (cache skip)
34 timing command:show Completed in 285ms
35 verbose stack HttpErrorGeneral: 404 Not Found - GET https://registry.npmjs.org/@heroku-cli%2fplugin-heroku-fork - Not found
35 verbose stack     at /opt/homebrew/lib/node_modules/npm/node_modules/npm-registry-fetch/lib/check-response.js:95:15
35 verbose stack     at process.processTicksAndRejections (node:internal/process/task_queues:95:5)
35 verbose stack     at async RegistryFetcher.packument (/opt/homebrew/lib/node_modules/npm/node_modules/pacote/lib/registry.js:85:19)
35 verbose stack     at async View.getData (/opt/homebrew/lib/node_modules/npm/lib/commands/view.js:198:20)
35 verbose stack     at async View.exec (/opt/homebrew/lib/node_modules/npm/lib/commands/view.js:106:28)
35 verbose stack     at async module.exports (/opt/homebrew/lib/node_modules/npm/lib/cli.js:134:5)
36 verbose statusCode 404
37 verbose pkgid @heroku-cli/plugin-heroku-fork@*
38 verbose cwd /Users/kermitfrog19/dev/websites/kletterer_website/kletterer
39 verbose Darwin 22.1.0
40 verbose node v19.6.0
41 verbose npm  v9.4.1
42 error code E404
43 error 404 Not Found - GET https://registry.npmjs.org/@heroku-cli%2fplugin-heroku-fork - Not found
44 error 404
45 error 404  '@heroku-cli/plugin-heroku-fork@*' is not in this registry.
46 error 404
46 error 404 Note that you can also install from a
47 error 404 tarball, folder, http url, or git url.
48 verbose exit 1
49 timing npm Completed in 309ms
50 verbose code 1
51 error A complete log of this run can be found in:
51 error     /Users/kermitfrog19/.npm/_logs/2023-03-16T09_45_37_451Z-debug-0.log
