0 verbose cli /opt/homebrew/Cellar/node/19.8.1/bin/node /opt/homebrew/bin/npm
1 info using npm@9.5.1
2 info using node@v19.8.1
3 timing npm:load:whichnode Completed in 1ms
4 timing config:load:defaults Completed in 0ms
5 timing config:load:file:/opt/homebrew/lib/node_modules/npm/npmrc Completed in 1ms
6 timing config:load:builtin Completed in 2ms
7 timing config:load:cli Completed in 1ms
8 timing config:load:env Completed in 0ms
9 timing config:load:file:/Users/kermitfrog19/Library/Caches/typescript/4.9/.npmrc Completed in 0ms
10 timing config:load:project Completed in 1ms
11 timing config:load:file:/Users/kermitfrog19/.npmrc Completed in 0ms
12 timing config:load:user Completed in 0ms
13 timing config:load:file:/opt/homebrew/etc/npmrc Completed in 0ms
14 timing config:load:global Completed in 0ms
15 timing config:load:setEnvs Completed in 0ms
16 timing config:load Completed in 4ms
17 timing npm:load:configload Completed in 4ms
18 timing npm:load:mkdirpcache Completed in 0ms
19 timing npm:load:mkdirplogs Completed in 0ms
20 verbose title npm install types-registry@latest
21 verbose argv "install" "--ignore-scripts" "types-registry@latest"
22 timing npm:load:setTitle Completed in 3ms
23 timing config:load:flatten Completed in 1ms
24 timing npm:load:display Completed in 1ms
25 verbose logfile logs-max:10 dir:/Users/kermitfrog19/.npm/_logs/2023-03-22T11_04_36_449Z-
26 verbose logfile /Users/kermitfrog19/.npm/_logs/2023-03-22T11_04_36_449Z-debug-0.log
27 timing npm:load:logFile Completed in 3ms
28 timing npm:load:timers Completed in 1ms
29 timing npm:load:configScope Completed in 0ms
30 timing npm:load Completed in 13ms
31 timing arborist:ctor Completed in 1ms
32 silly logfile start cleaning logs, removing 1 files
33 silly logfile done cleaning log files
34 timing idealTree:init Completed in 19ms
35 timing arborist:ctor Completed in 0ms
36 http fetch GET 200 https://registry.npmjs.org/types-registry 204ms (cache updated)
37 timing idealTree:userRequests Completed in 209ms
38 silly idealTree buildDeps
39 silly fetch manifest types-registry@0.1.636
40 silly placeDep ROOT types-registry@0.1.636 REPLACE for:  want: 0.1.636
41 timing idealTree:#root Completed in 3ms
42 timing idealTree:node_modules/types-registry Completed in 0ms
43 timing idealTree:buildDeps Completed in 3ms
44 timing idealTree:fixDepFlags Completed in 0ms
45 timing idealTree Completed in 232ms
46 timing reify:loadTrees Completed in 233ms
47 timing reify:diffTrees Completed in 2ms
48 silly reify mark retired [
48 silly reify   '/Users/kermitfrog19/Library/Caches/typescript/4.9/node_modules/types-registry'
48 silly reify ]
49 silly reify moves {
49 silly reify   '/Users/kermitfrog19/Library/Caches/typescript/4.9/node_modules/types-registry': '/Users/kermitfrog19/Library/Caches/typescript/4.9/node_modules/.types-registry-sDCF8NRz'
49 silly reify }
50 timing reify:retireShallow Completed in 1ms
51 timing reify:createSparse Completed in 0ms
52 timing reify:loadBundles Completed in 0ms
53 silly audit bulk request {
53 silly audit   '@popperjs/core': [ '2.11.6' ],
53 silly audit   '@types/bootstrap': [ '5.2.6' ],
53 silly audit   '@types/browser-sync': [ '2.26.3' ],
53 silly audit   '@types/history': [ '4.7.11' ],
53 silly audit   '@types/js-cookie': [ '3.0.3' ],
53 silly audit   '@types/micromatch': [ '2.3.31' ],
53 silly audit   '@types/mime': [ '3.0.1' ],
53 silly audit   '@types/node': [ '18.13.0' ],
53 silly audit   '@types/parse-glob': [ '3.0.29' ],
53 silly audit   '@types/prettier': [ '2.7.2' ],
53 silly audit   '@types/prop-types': [ '15.7.5' ],
53 silly audit   '@types/react': [ '18.0.27' ],
53 silly audit   '@types/react-dom': [ '18.0.10' ],
53 silly audit   '@types/react-router': [ '5.1.20' ],
53 silly audit   '@types/react-router-dom': [ '5.3.3' ],
53 silly audit   '@types/scheduler': [ '0.16.2' ],
53 silly audit   '@types/serve-static': [ '1.15.0' ],
53 silly audit   anymatch: [ '3.1.3' ],
53 silly audit   'binary-extensions': [ '2.2.0' ],
53 silly audit   braces: [ '3.0.2' ],
53 silly audit   chokidar: [ '3.5.3' ],
53 silly audit   csstype: [ '3.1.1' ],
53 silly audit   'fill-range': [ '7.0.1' ],
53 silly audit   fsevents: [ '2.3.2' ],
53 silly audit   'glob-parent': [ '5.1.2' ],
53 silly audit   'is-binary-path': [ '2.1.0' ],
53 silly audit   'is-extglob': [ '2.1.1' ],
53 silly audit   'is-glob': [ '4.0.3' ],
53 silly audit   'is-number': [ '7.0.0' ],
53 silly audit   'normalize-path': [ '3.0.0' ],
53 silly audit   picomatch: [ '2.3.1' ],
53 silly audit   readdirp: [ '3.6.0' ],
53 silly audit   'to-regex-range': [ '5.0.1' ],
53 silly audit   'types-registry': [ '0.1.636' ]
53 silly audit }
54 silly tarball no local data for types-registry@https://registry.npmjs.org/types-registry/-/types-registry-0.1.636.tgz. Extracting by manifest.
55 http fetch GET 200 https://registry.npmjs.org/types-registry/-/types-registry-0.1.636.tgz 114ms (cache miss)
56 timing reifyNode:node_modules/types-registry Completed in 118ms
57 timing reify:unpack Completed in 118ms
58 timing reify:unretire Completed in 0ms
59 timing build:queue Completed in 0ms
60 timing build:deps Completed in 0ms
61 timing build Completed in 0ms
62 timing reify:build Completed in 1ms
63 timing reify:trash Completed in 2ms
64 timing reify:save Completed in 5ms
65 http fetch POST 200 https://registry.npmjs.org/-/npm/v1/security/advisories/bulk 206ms
66 timing auditReport:getReport Completed in 208ms
67 silly audit report {}
68 timing auditReport:init Completed in 0ms
69 timing reify:audit Completed in 208ms
70 timing reify Completed in 446ms
71 silly CHANGE node_modules/types-registry
72 timing command:install Completed in 449ms
73 verbose exit 0
74 timing npm Completed in 470ms
75 info ok
