0 verbose cli /opt/homebrew/Cellar/node/22.2.0/bin/node /opt/homebrew/bin/npm
1 info using npm@10.7.0
2 info using node@v22.2.0
3 silly config:load:file:/opt/homebrew/lib/node_modules/npm/npmrc
4 silly config:load:file:/Users/kermitfrog19/Library/Caches/typescript/5.4/.npmrc
5 silly config:load:file:/Users/kermitfrog19/.npmrc
6 silly config:load:file:/opt/homebrew/etc/npmrc
7 verbose title npm install @types/eslint@ts5.4 @types/eslint-config-prettier@ts5.4 @types/react@ts5.4
8 verbose argv "install" "--ignore-scripts" "@types/eslint@ts5.4" "@types/eslint-config-prettier@ts5.4" "@types/react@ts5.4" "--save-dev" "--user-agent" "typesInstaller/5.4.5"
9 verbose logfile logs-max:10 dir:/Users/kermitfrog19/.npm/_logs/2024-05-30T00_15_51_585Z-
10 verbose logfile /Users/kermitfrog19/.npm/_logs/2024-05-30T00_15_51_585Z-debug-0.log
11 silly logfile start cleaning logs, removing 1 files
12 silly logfile done cleaning log files
13 http fetch GET 200 https://registry.npmjs.org/@types%2feslint-config-prettier 198ms (cache revalidated)
14 http fetch GET 200 https://registry.npmjs.org/@types%2freact 200ms (cache revalidated)
15 http fetch GET 200 https://registry.npmjs.org/@types%2feslint 203ms (cache revalidated)
16 silly idealTree buildDeps
17 silly fetch manifest @types/eslint@8.56.10
18 silly fetch manifest @types/eslint-config-prettier@6.11.3
19 silly fetch manifest @types/react@18.3.3
20 silly placeDep ROOT @types/eslint@8.56.10 REPLACE for:  want: 8.56.10
21 silly placeDep ROOT @types/eslint-config-prettier@6.11.3 REPLACE for:  want: 6.11.3
22 silly placeDep ROOT @types/react@18.3.3 REPLACE for:  want: 18.3.3
23 silly reify moves {}
24 silly audit bulk request {
24 silly audit   '@types/estree': [ '1.0.5' ],
24 silly audit   '@types/json-schema': [ '7.0.15' ],
24 silly audit   '@types/prop-types': [ '15.7.12' ],
24 silly audit   csstype: [ '3.1.3' ],
24 silly audit   'types-registry': [ '0.1.685' ],
24 silly audit   '@types/eslint': [ '8.56.10' ],
24 silly audit   '@types/eslint-config-prettier': [ '6.11.3' ],
24 silly audit   '@types/react': [ '18.3.3' ]
24 silly audit }
25 http fetch POST 200 https://registry.npmjs.org/-/npm/v1/security/advisories/bulk 202ms
26 silly audit report {}
27 verbose exit 0
28 info ok
