0 verbose cli /opt/homebrew/Cellar/node/22.2.0/bin/node /opt/homebrew/bin/npm
1 info using npm@10.7.0
2 info using node@v22.2.0
3 silly config:load:file:/opt/homebrew/lib/node_modules/npm/npmrc
4 silly config:load:file:/Users/kermitfrog19/Library/Caches/typescript/5.4/.npmrc
5 silly config:load:file:/Users/kermitfrog19/.npmrc
6 silly config:load:file:/opt/homebrew/etc/npmrc
7 verbose title npm install types-registry@latest
8 verbose argv "install" "--ignore-scripts" "types-registry@latest"
9 verbose logfile logs-max:10 dir:/Users/kermitfrog19/.npm/_logs/2024-06-01T12_03_11_902Z-
10 verbose logfile /Users/kermitfrog19/.npm/_logs/2024-06-01T12_03_11_902Z-debug-0.log
11 silly logfile start cleaning logs, removing 1 files
12 silly logfile done cleaning log files
13 http fetch GET 200 https://registry.npmjs.org/types-registry 190ms (cache revalidated)
14 silly idealTree buildDeps
15 silly fetch manifest types-registry@0.1.685
16 silly placeDep ROOT types-registry@0.1.685 REPLACE for:  want: 0.1.685
17 silly reify moves {}
18 silly audit bulk request {
18 silly audit   '@types/eslint': [ '8.56.10' ],
18 silly audit   '@types/eslint-config-prettier': [ '6.11.3' ],
18 silly audit   '@types/estree': [ '1.0.5' ],
18 silly audit   '@types/json-schema': [ '7.0.15' ],
18 silly audit   '@types/prop-types': [ '15.7.12' ],
18 silly audit   '@types/react': [ '18.3.3' ],
18 silly audit   csstype: [ '3.1.3' ],
18 silly audit   'types-registry': [ '0.1.685' ]
18 silly audit }
19 http fetch POST 200 https://registry.npmjs.org/-/npm/v1/security/advisories/bulk 250ms
20 silly audit report {}
21 verbose exit 0
22 info ok
